f:\data\projects\dxv\build\x64\debug\build.pch
f:\data\projects\dxv\build\x64\debug\vc142.pdb
f:\data\projects\dxv\build\x64\debug\vc142.idb
f:\data\projects\dxv\build\x64\debug\vkdevice.obj
f:\data\projects\dxv\build\x64\debug\vkinstance.obj
f:\data\projects\dxv\build\x64\debug\vkdevice_t.obj
f:\data\projects\dxv\build\x64\debug\vkinstance_t.obj
f:\data\projects\dxv\build\x64\debug\vkphysicaldevice_t.obj
f:\data\projects\dxv\build\x64\debug\pch.obj
f:\data\projects\dxv\build\x64\debug\build.pdb
f:\data\projects\dxv\build\x64\debug\build.tlog\cl.command.1.tlog
f:\data\projects\dxv\build\x64\debug\build.tlog\cl.read.1.tlog
f:\data\projects\dxv\build\x64\debug\build.tlog\cl.write.1.tlog
f:\data\projects\dxv\build\x64\debug\build.tlog\link-cvtres.read.1.tlog
f:\data\projects\dxv\build\x64\debug\build.tlog\link-cvtres.write.1.tlog
f:\data\projects\dxv\build\x64\debug\build.tlog\link-rc.read.1.tlog
f:\data\projects\dxv\build\x64\debug\build.tlog\link-rc.write.1.tlog
f:\data\projects\dxv\build\x64\debug\build.tlog\link.command.1.tlog
f:\data\projects\dxv\build\x64\debug\build.tlog\link.read.1.tlog
f:\data\projects\dxv\build\x64\debug\build.tlog\link.write.1.tlog
